<?xml version="1.0" encoding="UTF-8"?>
<!-- Generated by org.testng.reporters.JUnitReportReporter -->
<testsuite hostname="Tajuddins-MacBook-Pro.local" failures="0" tests="1" name="example.NewTest" time="19.837" errors="0" timestamp="7 Jun 2020 15:44:03 GMT">
  <testcase classname="example.NewTest" name="testEasy" time="19.837"/>
</testsuite> <!-- example.NewTest -->
